<?xml version="1.0" encoding="UTF-8"?>
<!-- Generated by org.testng.reporters.JUnitReportReporter -->
<testsuite skipped="0" hostname="stephanies-air.office.egroup-inc.com" name="maven.project.rabbit" tests="1" failures="0" timestamp="20 Dec 2018 18:35:04 GMT" time="0.007" errors="0">
  <testcase name="hello" time="0.007" classname="maven.project.rabbit"/>
</testsuite> <!-- maven.project.rabbit -->
